
	            G L O B A L   R E F E R E N C E S

	             Name               Value        Type
	==============================|=======|===============
	CR                               000A         CONSTANT
	FIM_TEXTO                        0040         CONSTANT
	IO_READ                          FFFF         CONSTANT
	IO_WRITE                         FFFE         CONSTANT
	IO_STATUS                        FFFD         CONSTANT
	INITIAL_SP                       FDFF         CONSTANT
	CURSOR                           FFFC         CONSTANT
	CURSOR_INIT                      FFFF         CONSTANT
	ROW_POSITION                     0000         CONSTANT
	COL_POSITION                     0000         CONSTANT
	ROW_SHIFT                        0008         CONSTANT
	COLUMN_SHIFT                     0008         CONSTANT
	Text0                            8000           STRING
	Text1                            8053           STRING
	Text2                            80A8           STRING
	Text3                            80FB           STRING
	Text4                            814E           STRING
	Text5                            81A1           STRING
	Text6                            81F4           STRING
	Text7                            8247           STRING
	Text8                            829A           STRING
	Text9                            82ED           STRING
	Text10                           8340           STRING
	Text11                           8393           STRING
	Text12                           83E6           STRING
	Text13                           8439           STRING
	Text14                           848C           STRING
	Text15                           84DF           STRING
	Text16                           8532           STRING
	Text17                           8585           STRING
	Text18                           85D8           STRING
	Text19                           862B           STRING
	Text20                           867E           STRING
	Text21                           86D1           STRING
	Text22                           8724           STRING
	Text23                           8777           STRING
	RowIndex                         87CA         VARIABLE
	ColumnIndex                      87CB         VARIABLE
	TextIndex                        87CC         VARIABLE
	print                            0002            LABEL
	exec                             000A            LABEL
	fim                              0022            LABEL
	Main                             0027            LABEL
	Cycle                            0034            LABEL
	Halt                             0035            LABEL
